<?xml version="1.0" encoding="UTF-8"?>
<!-- Generated by org.testng.reporters.JUnitReportReporter -->
<testsuite skipped="1" hostname="SHAYSA-HZ" name="il.co.topq.tests.SubmitNewIssueTest" tests="2" failures="0" timestamp="16 מרץ 2017 08:11:35 GMT" time="11.141" errors="0">
  <testcase name="AddingNewProject" time="11.141" classname="il.co.topq.tests.SubmitNewIssueTest"/>
  <testcase name="fromStartToEnd" classname="il.co.topq.tests.SubmitNewIssueTest">
    <skipped/>
  </testcase> <!-- fromStartToEnd -->
</testsuite> <!-- il.co.topq.tests.SubmitNewIssueTest -->
